Arguments: 
  /usr/local/Cellar/node/14.14.0/bin/node /usr/local/Cellar/yarn/1.22.10/libexec/bin/yarn.js check --integrity

PATH: 
  /Users/jasmine/.rbenv/versions/2.6.5/lib/ruby/gems/2.6.0/bin:/Users/jasmine/.rbenv/versions/2.6.5/bin:/usr/local/Cellar/rbenv/1.1.2/libexec:/Users/jasmine/.rbenv/shims:/usr/local/bin:/usr/bin:/bin:/usr/sbin:/sbin

Yarn version: 
  1.22.10

Node version: 
  14.14.0

Platform: 
  darwin x64

Trace: 
  TypeError: Cannot read property '@rails/actioncable@^6.0.0' of undefined
      at /usr/local/Cellar/yarn/1.22.10/libexec/lib/cli.js:47689:25
      at Array.filter (<anonymous>)
      at InstallationIntegrityChecker.<anonymous> (/usr/local/Cellar/yarn/1.22.10/libexec/lib/cli.js:47688:38)
      at Generator.next (<anonymous>)
      at step (/usr/local/Cellar/yarn/1.22.10/libexec/lib/cli.js:310:30)
      at /usr/local/Cellar/yarn/1.22.10/libexec/lib/cli.js:328:14
      at new Promise (<anonymous>)
      at new F (/usr/local/Cellar/yarn/1.22.10/libexec/lib/cli.js:5301:28)
      at InstallationIntegrityChecker.<anonymous> (/usr/local/Cellar/yarn/1.22.10/libexec/lib/cli.js:307:12)
      at InstallationIntegrityChecker.check (/usr/local/Cellar/yarn/1.22.10/libexec/lib/cli.js:47737:21)

npm manifest: 
  {
    "name": "media_ranker_revisited_vs",
    "private": true,
    "dependencies": {
      "@rails/actioncable": "^6.0.0",
      "@rails/activestorage": "^6.0.0",
      "@rails/ujs": "^6.0.0",
      "@rails/webpacker": "4.3.0",
      "bootstrap": "^4.5.3",
      "jquery": "^3.5.1",
      "popper.js": "^1.16.1",
      "turbolinks": "^5.2.0"
    },
    "version": "0.1.0",
    "devDependencies": {
      "webpack-dev-server": "^3.11.0"
    }
  }

yarn manifest: 
  No manifest

Lockfile: 
  No lockfile
